Arguments: 
  /Users/eganjo/.nvm/versions/node/v7.5.0/bin/node /usr/local/bin/yarn add webpack

PATH: 
  /Users/eganjo/Documents/gits/puredeal-tools/maven/bin:/Library/Java/JavaVirtualMachines/jdk1.8.0_131.jdk/Contents/Home/bin:/Users/eganjo/.nvm/versions/node/v7.5.0/bin:~/Documents/scala-2.9.3/bin:~/Documents/gits/puredeal-tools/maven/bin:/Users/eganjo/Documents/gits/platform/node_modules/ig-phantomjs-binaries/2.1.1/darwin:~/Documents/phantomjs-2.1.1-macosx/bin:./node_modules/.bin:/Users/eganjo/.npm-global/bin:~/.npm-global:~/bin:/usr/local/bin:/usr/local/bin:/usr/bin:/bin:/usr/sbin:/sbin

Yarn version: 
  0.23.4

Node version: 
  7.5.0

Platform: 
  darwin x64

npm manifest: 
  {
    "main": "index.js",
    "name": "market-faker",
    "version": "0.0.0",
    "description": "Simulates financial markets",
    "scripts": {
      "start-terminal": "node demo/terminal.js",
      "start-browser": "webpack-dev-server --open",
      "test": "echo \"Error: no test specified\" && exit 1"
    },
    "author": "",
    "license": "ISC",
    "dependencies": {
      "cli-table": "^0.3.1",
      "colors": "^1.1.2",
      "lodash": "^4.3.0",
      "rxjs": "^5.3.1",
      "sparkline": "^0.1.2"
    }
  }

yarn manifest: 
  No manifest

Lockfile: 
  # THIS IS AN AUTOGENERATED FILE. DO NOT EDIT THIS FILE DIRECTLY.
  # yarn lockfile v1
  abbrev@1:
    version "1.1.0"
    resolved "https://registry.yarnpkg.com/abbrev/-/abbrev-1.1.0.tgz#d0554c2256636e2f56e7c2e5ad183f859428d81f"
  
  cli-table:
    version "0.3.1"
    resolved "https://registry.yarnpkg.com/cli-table/-/cli-table-0.3.1.tgz#f53b05266a8b1a0b934b3d0821e6e2dc5914ae23"
    dependencies:
      colors "1.0.3"
  
  colors:
    version "1.1.2"
    resolved "https://registry.yarnpkg.com/colors/-/colors-1.1.2.tgz#168a4701756b6a7f51a12ce0c97bfa28c084ed63"
  
  colors@1.0.3:
    version "1.0.3"
    resolved "https://registry.yarnpkg.com/colors/-/colors-1.0.3.tgz#0433f44d809680fdeb60ed260f1b0c262e82a40b"
  
  here@0.0.2:
    version "0.0.2"
    resolved "https://registry.yarnpkg.com/here/-/here-0.0.2.tgz#69c1af3f02121f3d8788e02e84dc8b3905d71195"
  
  lodash@^4.3.0:
    version "4.17.4"
    resolved "https://registry.yarnpkg.com/lodash/-/lodash-4.17.4.tgz#78203a4d1c328ae1d86dca6460e369b57f4055ae"
  
  nopt@~2.1.2:
    version "2.1.2"
    resolved "https://registry.yarnpkg.com/nopt/-/nopt-2.1.2.tgz#6cccd977b80132a07731d6e8ce58c2c8303cf9af"
    dependencies:
      abbrev "1"
  
  rxjs:
    version "5.3.1"
    resolved "https://registry.yarnpkg.com/rxjs/-/rxjs-5.3.1.tgz#9ecc9e722247e4f4490d30a878577a3740fd0cb7"
    dependencies:
      symbol-observable "^1.0.1"
  
  sparkline:
    version "0.1.2"
    resolved "https://registry.yarnpkg.com/sparkline/-/sparkline-0.1.2.tgz#c3bde46252b1354e710c4b200d54816bd9f07a32"
    dependencies:
      here "0.0.2"
      nopt "~2.1.2"
  
  symbol-observable@^1.0.1:
    version "1.0.4"
    resolved "https://registry.yarnpkg.com/symbol-observable/-/symbol-observable-1.0.4.tgz#29bf615d4aa7121bdd898b22d4b3f9bc4e2aa03d"

Trace: 
  Error: getaddrinfo ENOTFOUND bvrprdnex001.iggroup.local bvrprdnex001.iggroup.local:8081
      at errnoException (dns.js:28:10)
      at GetAddrInfoReqWrap.onlookup [as oncomplete] (dns.js:76:26)
